03/18/2025 22:51:25 Attempting to acquire lock 139862444385408 on /tmp/92ab9d01091f109faa57337bde90fa23acf3c7582a206d542389daa50cf10474.lock
03/18/2025 22:51:25 Lock 139862444385408 acquired on /tmp/92ab9d01091f109faa57337bde90fa23acf3c7582a206d542389daa50cf10474.lock
03/18/2025 22:51:25 Starting new HTTPS connection (1): huggingface.co:443
03/18/2025 22:51:25 https://huggingface.co:443 "GET /api/models/TinyLlama/TinyLlama-1.1B-Chat-v1.0/revision/main HTTP/1.1" 200 5977
03/18/2025 22:51:25 Starting new HTTPS connection (1): huggingface.co:443
03/18/2025 22:51:25 Starting new HTTPS connection (1): huggingface.co:443
03/18/2025 22:51:25 Starting new HTTPS connection (1): huggingface.co:443
03/18/2025 22:51:25 Starting new HTTPS connection (1): huggingface.co:443
03/18/2025 22:51:25 Starting new HTTPS connection (1): huggingface.co:443
03/18/2025 22:51:26 Starting new HTTPS connection (1): huggingface.co:443
03/18/2025 22:51:26 Starting new HTTPS connection (1): huggingface.co:443
03/18/2025 22:51:26 Starting new HTTPS connection (1): huggingface.co:443
03/18/2025 22:51:26 https://huggingface.co:443 "HEAD /TinyLlama/TinyLlama-1.1B-Chat-v1.0/resolve/fe8a4ea1ffedaf415f4da2f062534de366a451e6/README.md HTTP/1.1" 200 0
03/18/2025 22:51:26 https://huggingface.co:443 "HEAD /TinyLlama/TinyLlama-1.1B-Chat-v1.0/resolve/fe8a4ea1ffedaf415f4da2f062534de366a451e6/.gitattributes HTTP/1.1" 200 0
03/18/2025 22:51:26 Attempting to acquire lock 139862444558864 on /root/.cache/huggingface/hub/.locks/models--TinyLlama--TinyLlama-1.1B-Chat-v1.0/a6344aac8c09253b3b630fb776ae94478aa0275b.lock
03/18/2025 22:51:26 Attempting to acquire lock 139862444560112 on /root/.cache/huggingface/hub/.locks/models--TinyLlama--TinyLlama-1.1B-Chat-v1.0/9737c9ce5074907aa44d575918c5367cd877471f.lock
03/18/2025 22:51:26 Lock 139862444558864 acquired on /root/.cache/huggingface/hub/.locks/models--TinyLlama--TinyLlama-1.1B-Chat-v1.0/a6344aac8c09253b3b630fb776ae94478aa0275b.lock
03/18/2025 22:51:26 Lock 139862444560112 acquired on /root/.cache/huggingface/hub/.locks/models--TinyLlama--TinyLlama-1.1B-Chat-v1.0/9737c9ce5074907aa44d575918c5367cd877471f.lock
03/18/2025 22:51:26 https://huggingface.co:443 "HEAD /TinyLlama/TinyLlama-1.1B-Chat-v1.0/resolve/fe8a4ea1ffedaf415f4da2f062534de366a451e6/generation_config.json HTTP/1.1" 200 0
03/18/2025 22:51:26 Attempting to acquire lock 139862444568320 on /root/.cache/huggingface/hub/.locks/models--TinyLlama--TinyLlama-1.1B-Chat-v1.0/768e95e5b4dada726d7631277a4a87ecbb236f70.lock
03/18/2025 22:51:26 Lock 139862444568320 acquired on /root/.cache/huggingface/hub/.locks/models--TinyLlama--TinyLlama-1.1B-Chat-v1.0/768e95e5b4dada726d7631277a4a87ecbb236f70.lock
03/18/2025 22:51:26 https://huggingface.co:443 "HEAD /TinyLlama/TinyLlama-1.1B-Chat-v1.0/resolve/fe8a4ea1ffedaf415f4da2f062534de366a451e6/eval_results.json HTTP/1.1" 200 0
03/18/2025 22:51:26 https://huggingface.co:443 "HEAD /TinyLlama/TinyLlama-1.1B-Chat-v1.0/resolve/fe8a4ea1ffedaf415f4da2f062534de366a451e6/tokenizer.json HTTP/1.1" 200 0
03/18/2025 22:51:26 Attempting to acquire lock 139862444569280 on /root/.cache/huggingface/hub/.locks/models--TinyLlama--TinyLlama-1.1B-Chat-v1.0/f1ffbab317a5c0582b8ee6756a3cdfeb0cf684bc.lock
03/18/2025 22:51:26 Attempting to acquire lock 139862444739424 on /root/.cache/huggingface/hub/.locks/models--TinyLlama--TinyLlama-1.1B-Chat-v1.0/a6e931b92caff4c79c5c56282f1e89569a0ae558.lock
03/18/2025 22:51:26 Lock 139862444569280 acquired on /root/.cache/huggingface/hub/.locks/models--TinyLlama--TinyLlama-1.1B-Chat-v1.0/f1ffbab317a5c0582b8ee6756a3cdfeb0cf684bc.lock
03/18/2025 22:51:26 Lock 139862444739424 acquired on /root/.cache/huggingface/hub/.locks/models--TinyLlama--TinyLlama-1.1B-Chat-v1.0/a6e931b92caff4c79c5c56282f1e89569a0ae558.lock
03/18/2025 22:51:26 https://huggingface.co:443 "HEAD /TinyLlama/TinyLlama-1.1B-Chat-v1.0/resolve/fe8a4ea1ffedaf415f4da2f062534de366a451e6/config.json HTTP/1.1" 200 0
03/18/2025 22:51:26 https://huggingface.co:443 "HEAD /TinyLlama/TinyLlama-1.1B-Chat-v1.0/resolve/fe8a4ea1ffedaf415f4da2f062534de366a451e6/special_tokens_map.json HTTP/1.1" 200 0
03/18/2025 22:51:26 https://huggingface.co:443 "HEAD /TinyLlama/TinyLlama-1.1B-Chat-v1.0/resolve/fe8a4ea1ffedaf415f4da2f062534de366a451e6/model.safetensors HTTP/1.1" 302 0
03/18/2025 22:51:26 Attempting to acquire lock 139862444571584 on /root/.cache/huggingface/hub/.locks/models--TinyLlama--TinyLlama-1.1B-Chat-v1.0/4ea05f1bc289d48ba9b92eea2f58ad8acd3dce5d.lock
03/18/2025 22:51:26 Attempting to acquire lock 139862444571392 on /root/.cache/huggingface/hub/.locks/models--TinyLlama--TinyLlama-1.1B-Chat-v1.0/6e6001da2106d4757498752a021df6c2bdc332c650aae4bae6b0c004dcf14933.lock
03/18/2025 22:51:26 Attempting to acquire lock 139862444739280 on /root/.cache/huggingface/hub/.locks/models--TinyLlama--TinyLlama-1.1B-Chat-v1.0/492d4b2966a1763442d426d880dbc29f94906e4c.lock
03/18/2025 22:51:26 Lock 139862444571584 acquired on /root/.cache/huggingface/hub/.locks/models--TinyLlama--TinyLlama-1.1B-Chat-v1.0/4ea05f1bc289d48ba9b92eea2f58ad8acd3dce5d.lock
03/18/2025 22:51:26 Lock 139862444571392 acquired on /root/.cache/huggingface/hub/.locks/models--TinyLlama--TinyLlama-1.1B-Chat-v1.0/6e6001da2106d4757498752a021df6c2bdc332c650aae4bae6b0c004dcf14933.lock
03/18/2025 22:51:26 Lock 139862444739280 acquired on /root/.cache/huggingface/hub/.locks/models--TinyLlama--TinyLlama-1.1B-Chat-v1.0/492d4b2966a1763442d426d880dbc29f94906e4c.lock
03/18/2025 22:51:26 Starting new HTTPS connection (1): cdn-lfs-us-1.hf.co:443
03/18/2025 22:51:26 https://huggingface.co:443 "GET /TinyLlama/TinyLlama-1.1B-Chat-v1.0/resolve/fe8a4ea1ffedaf415f4da2f062534de366a451e6/.gitattributes HTTP/1.1" 200 1519
03/18/2025 22:51:26 Attempting to release lock 139862444558864 on /root/.cache/huggingface/hub/.locks/models--TinyLlama--TinyLlama-1.1B-Chat-v1.0/a6344aac8c09253b3b630fb776ae94478aa0275b.lock
03/18/2025 22:51:26 Lock 139862444558864 released on /root/.cache/huggingface/hub/.locks/models--TinyLlama--TinyLlama-1.1B-Chat-v1.0/a6344aac8c09253b3b630fb776ae94478aa0275b.lock
03/18/2025 22:51:26 https://huggingface.co:443 "GET /TinyLlama/TinyLlama-1.1B-Chat-v1.0/resolve/fe8a4ea1ffedaf415f4da2f062534de366a451e6/README.md HTTP/1.1" 200 3196
03/18/2025 22:51:26 Attempting to release lock 139862444560112 on /root/.cache/huggingface/hub/.locks/models--TinyLlama--TinyLlama-1.1B-Chat-v1.0/9737c9ce5074907aa44d575918c5367cd877471f.lock
03/18/2025 22:51:26 Lock 139862444560112 released on /root/.cache/huggingface/hub/.locks/models--TinyLlama--TinyLlama-1.1B-Chat-v1.0/9737c9ce5074907aa44d575918c5367cd877471f.lock
03/18/2025 22:51:26 https://huggingface.co:443 "GET /TinyLlama/TinyLlama-1.1B-Chat-v1.0/resolve/fe8a4ea1ffedaf415f4da2f062534de366a451e6/eval_results.json HTTP/1.1" 200 566
03/18/2025 22:51:26 Attempting to release lock 139862444569280 on /root/.cache/huggingface/hub/.locks/models--TinyLlama--TinyLlama-1.1B-Chat-v1.0/f1ffbab317a5c0582b8ee6756a3cdfeb0cf684bc.lock
03/18/2025 22:51:26 Lock 139862444569280 released on /root/.cache/huggingface/hub/.locks/models--TinyLlama--TinyLlama-1.1B-Chat-v1.0/f1ffbab317a5c0582b8ee6756a3cdfeb0cf684bc.lock
03/18/2025 22:51:26 https://huggingface.co:443 "GET /TinyLlama/TinyLlama-1.1B-Chat-v1.0/resolve/fe8a4ea1ffedaf415f4da2f062534de366a451e6/tokenizer.json HTTP/1.1" 200 1842767
03/18/2025 22:51:26 https://huggingface.co:443 "GET /TinyLlama/TinyLlama-1.1B-Chat-v1.0/resolve/fe8a4ea1ffedaf415f4da2f062534de366a451e6/generation_config.json HTTP/1.1" 200 124
03/18/2025 22:51:26 https://huggingface.co:443 "GET /TinyLlama/TinyLlama-1.1B-Chat-v1.0/resolve/fe8a4ea1ffedaf415f4da2f062534de366a451e6/config.json HTTP/1.1" 200 608
03/18/2025 22:51:26 Attempting to release lock 139862444568320 on /root/.cache/huggingface/hub/.locks/models--TinyLlama--TinyLlama-1.1B-Chat-v1.0/768e95e5b4dada726d7631277a4a87ecbb236f70.lock
03/18/2025 22:51:26 https://huggingface.co:443 "GET /TinyLlama/TinyLlama-1.1B-Chat-v1.0/resolve/fe8a4ea1ffedaf415f4da2f062534de366a451e6/special_tokens_map.json HTTP/1.1" 200 551
03/18/2025 22:51:26 Lock 139862444568320 released on /root/.cache/huggingface/hub/.locks/models--TinyLlama--TinyLlama-1.1B-Chat-v1.0/768e95e5b4dada726d7631277a4a87ecbb236f70.lock
03/18/2025 22:51:26 Attempting to release lock 139862444571584 on /root/.cache/huggingface/hub/.locks/models--TinyLlama--TinyLlama-1.1B-Chat-v1.0/4ea05f1bc289d48ba9b92eea2f58ad8acd3dce5d.lock
03/18/2025 22:51:26 Attempting to release lock 139862444739280 on /root/.cache/huggingface/hub/.locks/models--TinyLlama--TinyLlama-1.1B-Chat-v1.0/492d4b2966a1763442d426d880dbc29f94906e4c.lock
03/18/2025 22:51:26 Lock 139862444571584 released on /root/.cache/huggingface/hub/.locks/models--TinyLlama--TinyLlama-1.1B-Chat-v1.0/4ea05f1bc289d48ba9b92eea2f58ad8acd3dce5d.lock
03/18/2025 22:51:26 Lock 139862444739280 released on /root/.cache/huggingface/hub/.locks/models--TinyLlama--TinyLlama-1.1B-Chat-v1.0/492d4b2966a1763442d426d880dbc29f94906e4c.lock
03/18/2025 22:51:26 https://cdn-lfs-us-1.hf.co:443 "GET /repos/2b/64/2b642798915fc368e7b638986f68446b121c1d59b30075e146bd6312ee664ac2/6e6001da2106d4757498752a021df6c2bdc332c650aae4bae6b0c004dcf14933?response-content-disposition=inline%3B+filename*%3DUTF-8%27%27model.safetensors%3B+filename%3D%22model.safetensors%22%3B&Expires=1742341885&Policy=eyJTdGF0ZW1lbnQiOlt7IkNvbmRpdGlvbiI6eyJEYXRlTGVzc1RoYW4iOnsiQVdTOkVwb2NoVGltZSI6MTc0MjM0MTg4NX19LCJSZXNvdXJjZSI6Imh0dHBzOi8vY2RuLWxmcy11cy0xLmhmLmNvL3JlcG9zLzJiLzY0LzJiNjQyNzk4OTE1ZmMzNjhlN2I2Mzg5ODZmNjg0NDZiMTIxYzFkNTliMzAwNzVlMTQ2YmQ2MzEyZWU2NjRhYzIvNmU2MDAxZGEyMTA2ZDQ3NTc0OTg3NTJhMDIxZGY2YzJiZGMzMzJjNjUwYWFlNGJhZTZiMGMwMDRkY2YxNDkzMz9yZXNwb25zZS1jb250ZW50LWRpc3Bvc2l0aW9uPSoifV19&Signature=Awtl34YAarpjSGQRrM1DA0wgr2lycOViVVyzj3xEWXt16B3L6-mz0hSlgZJpzXFcgSOOb4IDyp0d44iNmqU0OER3VJ3AlI54g6Gh1NFeuBdhlj2n712BTzaNxpRDEsy~eirjaI2YloEuZ9pwMcg0Qn1vggTcXqnLkF4cK~GDkOAk9Z5DmAsiCmWCVm8JxJLUtE9AdexOHEJ5yj61aW7u9HUOQDSiMy1F~w-b5gkTBxoq4nInUcxBUgF~dfeZ0nUDBJli8x2DdYlEotWVGMLCSrLXgW5SF4O~I~QDQLgA2nY0lPFE1FZvR6jCXOpVPgrl~GdwQU1sM5IfI9nwhf3MQA__&Key-Pair-Id=K24J24Z295AEI9 HTTP/1.1" 200 2200119864
03/18/2025 22:51:26 https://huggingface.co:443 "HEAD /TinyLlama/TinyLlama-1.1B-Chat-v1.0/resolve/fe8a4ea1ffedaf415f4da2f062534de366a451e6/tokenizer.model HTTP/1.1" 302 0
03/18/2025 22:51:26 Attempting to acquire lock 139862444392224 on /root/.cache/huggingface/hub/.locks/models--TinyLlama--TinyLlama-1.1B-Chat-v1.0/9e556afd44213b6bd1be2b850ebbbd98f5481437a8021afaf58ee7fb1818d347.lock
03/18/2025 22:51:26 Lock 139862444392224 acquired on /root/.cache/huggingface/hub/.locks/models--TinyLlama--TinyLlama-1.1B-Chat-v1.0/9e556afd44213b6bd1be2b850ebbbd98f5481437a8021afaf58ee7fb1818d347.lock
03/18/2025 22:51:26 Starting new HTTPS connection (1): cdn-lfs-us-1.hf.co:443
03/18/2025 22:51:26 https://huggingface.co:443 "HEAD /TinyLlama/TinyLlama-1.1B-Chat-v1.0/resolve/fe8a4ea1ffedaf415f4da2f062534de366a451e6/tokenizer_config.json HTTP/1.1" 200 0
03/18/2025 22:51:26 Attempting to acquire lock 139862444558192 on /root/.cache/huggingface/hub/.locks/models--TinyLlama--TinyLlama-1.1B-Chat-v1.0/fa96b85858f4053b0142a18e2b09dbe94e3fae46.lock
03/18/2025 22:51:26 Lock 139862444558192 acquired on /root/.cache/huggingface/hub/.locks/models--TinyLlama--TinyLlama-1.1B-Chat-v1.0/fa96b85858f4053b0142a18e2b09dbe94e3fae46.lock
03/18/2025 22:51:26 https://cdn-lfs-us-1.hf.co:443 "GET /repos/2b/64/2b642798915fc368e7b638986f68446b121c1d59b30075e146bd6312ee664ac2/9e556afd44213b6bd1be2b850ebbbd98f5481437a8021afaf58ee7fb1818d347?response-content-disposition=inline%3B+filename*%3DUTF-8%27%27tokenizer.model%3B+filename%3D%22tokenizer.model%22%3B&Expires=1742341886&Policy=eyJTdGF0ZW1lbnQiOlt7IkNvbmRpdGlvbiI6eyJEYXRlTGVzc1RoYW4iOnsiQVdTOkVwb2NoVGltZSI6MTc0MjM0MTg4Nn19LCJSZXNvdXJjZSI6Imh0dHBzOi8vY2RuLWxmcy11cy0xLmhmLmNvL3JlcG9zLzJiLzY0LzJiNjQyNzk4OTE1ZmMzNjhlN2I2Mzg5ODZmNjg0NDZiMTIxYzFkNTliMzAwNzVlMTQ2YmQ2MzEyZWU2NjRhYzIvOWU1NTZhZmQ0NDIxM2I2YmQxYmUyYjg1MGViYmJkOThmNTQ4MTQzN2E4MDIxYWZhZjU4ZWU3ZmIxODE4ZDM0Nz9yZXNwb25zZS1jb250ZW50LWRpc3Bvc2l0aW9uPSoifV19&Signature=Dim6jzsYP2wHACTcGqGd3ScGxxxfqHBrpCTmm-YVQyptWbgMtMi0GcImAM2oQm0yLgoe84fbzoQaNZ9yhPiMEtM9WE0I1RZ3o-8eNvsoMGqPKkJvsZLhpOpQeqZ3bWDrS6zAfXqW8kYsrqExCIXjmJZFPpQIIdyYis5gG3SXt-oxSAvosyS9jyaWJCOwmcL6CAZLHON79LXuHh4OY9tbMqX~0IzBjvkB5-0gMAXIlemTuF2rSehWZ1qnsSZvB4P3IYjMIE8L5KMz1WlJ0izr4O244PYUudwdmKX9SaGyVE47Rxwclh7GBa2RG~N79Okeu3QMHXkXCaUCKEfqY2pwLg__&Key-Pair-Id=K24J24Z295AEI9 HTTP/1.1" 200 499723
03/18/2025 22:51:26 https://huggingface.co:443 "GET /TinyLlama/TinyLlama-1.1B-Chat-v1.0/resolve/fe8a4ea1ffedaf415f4da2f062534de366a451e6/tokenizer_config.json HTTP/1.1" 200 1289
03/18/2025 22:51:26 Attempting to release lock 139862444558192 on /root/.cache/huggingface/hub/.locks/models--TinyLlama--TinyLlama-1.1B-Chat-v1.0/fa96b85858f4053b0142a18e2b09dbe94e3fae46.lock
03/18/2025 22:51:26 Lock 139862444558192 released on /root/.cache/huggingface/hub/.locks/models--TinyLlama--TinyLlama-1.1B-Chat-v1.0/fa96b85858f4053b0142a18e2b09dbe94e3fae46.lock
03/18/2025 22:51:26 Attempting to release lock 139862444392224 on /root/.cache/huggingface/hub/.locks/models--TinyLlama--TinyLlama-1.1B-Chat-v1.0/9e556afd44213b6bd1be2b850ebbbd98f5481437a8021afaf58ee7fb1818d347.lock
03/18/2025 22:51:26 Lock 139862444392224 released on /root/.cache/huggingface/hub/.locks/models--TinyLlama--TinyLlama-1.1B-Chat-v1.0/9e556afd44213b6bd1be2b850ebbbd98f5481437a8021afaf58ee7fb1818d347.lock
03/18/2025 22:51:26 Attempting to release lock 139862444739424 on /root/.cache/huggingface/hub/.locks/models--TinyLlama--TinyLlama-1.1B-Chat-v1.0/a6e931b92caff4c79c5c56282f1e89569a0ae558.lock
03/18/2025 22:51:26 Lock 139862444739424 released on /root/.cache/huggingface/hub/.locks/models--TinyLlama--TinyLlama-1.1B-Chat-v1.0/a6e931b92caff4c79c5c56282f1e89569a0ae558.lock
03/18/2025 22:52:34 Attempting to release lock 139862444571392 on /root/.cache/huggingface/hub/.locks/models--TinyLlama--TinyLlama-1.1B-Chat-v1.0/6e6001da2106d4757498752a021df6c2bdc332c650aae4bae6b0c004dcf14933.lock
03/18/2025 22:52:34 Lock 139862444571392 released on /root/.cache/huggingface/hub/.locks/models--TinyLlama--TinyLlama-1.1B-Chat-v1.0/6e6001da2106d4757498752a021df6c2bdc332c650aae4bae6b0c004dcf14933.lock
03/18/2025 22:52:34 Attempting to release lock 139862444385408 on /tmp/92ab9d01091f109faa57337bde90fa23acf3c7582a206d542389daa50cf10474.lock
03/18/2025 22:52:34 Lock 139862444385408 released on /tmp/92ab9d01091f109faa57337bde90fa23acf3c7582a206d542389daa50cf10474.lock
03/18/2025 22:53:59 https://huggingface.co:443 "HEAD /TinyLlama/TinyLlama-1.1B-Chat-v1.0/resolve/main/config.json HTTP/1.1" 200 0
03/18/2025 22:54:00 Prompt: 'Hello, my name is', Generated text: '\n\nJane Smith. I am a student pursuing my degree in Computer Science at [university]. I joined this club because I was fascinated'
03/18/2025 22:54:00 Prompt: 'The president of the United States is', Generated text: 'required to make a public statement about the attack on our embassy in Baghdad. Should he issue a public statement, what kind of response should we'
03/18/2025 22:54:00 Prompt: 'The capital of France is', Generated text: 'located in which region?\n\n2. What is the second-largest city in France by population and what is its name?\n\n3. What'
03/18/2025 22:54:00 Prompt: 'The future of AI is', Generated text: 'all about human-machine collaboration. AI can’t create jobs or replace humans in every area of human work, but it can greatly improve them. By'
